

============================== 2023-06-06 18:45:59.976185 | 9087e186-099a-43fe-b6f0-8c3365ffb181 ==============================
18:45:59.976191 [info ] [MainThread]: Running with dbt=1.1.5
18:45:59.976425 [debug] [MainThread]: running dbt with arguments {'write_json': True, 'use_colors': True, 'printer_width': 80, 'version_check': True, 'partial_parse': True, 'static_parser': True, 'profiles_dir': '/Users/talcohen/.dbt', 'send_anonymous_usage_stats': True, 'event_buffer_size': 100000, 'quiet': False, 'no_print': False, 'cache_selected_only': False, 'project_name': 'priority_dev', 'skip_profile_setup': False, 'which': 'init', 'indirect_selection': 'eager'}
18:45:59.976516 [debug] [MainThread]: Tracking: tracking
18:45:59.990400 [debug] [MainThread]: Sending event: {'category': 'dbt', 'action': 'invocation', 'label': 'start', 'context': [<snowplow_tracker.self_describing_json.SelfDescribingJson object at 0x1067bac40>, <snowplow_tracker.self_describing_json.SelfDescribingJson object at 0x106793880>, <snowplow_tracker.self_describing_json.SelfDescribingJson object at 0x1067d1640>]}
18:45:59.991031 [info ] [MainThread]: Creating dbt configuration folder at /Users/talcohen/.dbt
18:45:59.991595 [debug] [MainThread]: Starter project path: /Users/talcohen/Documents/Projects/dbt-MySQL/dbt_env/lib/python3.9/site-packages/dbt/include/starter_project
18:48:46.479121 [info ] [MainThread]: Profile priority_dev written to /Users/talcohen/.dbt/profiles.yml using target's sample configuration. Once updated, you'll be able to start developing with dbt.
18:48:46.479547 [info ] [MainThread]: 
Your new dbt project "priority_dev" was created!

For more information on how to configure the profiles.yml file,
please consult the dbt documentation here:

  https://docs.getdbt.com/docs/configure-your-profile

One more thing:

Need help? Don't hesitate to reach out to us via GitHub issues or on Slack:

  https://community.getdbt.com/

Happy modeling!

18:48:46.479773 [debug] [MainThread]: Sending event: {'category': 'dbt', 'action': 'invocation', 'label': 'end', 'context': [<snowplow_tracker.self_describing_json.SelfDescribingJson object at 0x1067babb0>, <snowplow_tracker.self_describing_json.SelfDescribingJson object at 0x1067ba8e0>, <snowplow_tracker.self_describing_json.SelfDescribingJson object at 0x1067ba7f0>]}


============================== 2023-06-08 16:48:12.932142 | e1608f25-5c6b-41c4-939c-4619c3bd2d5f ==============================
16:48:12.932149 [info ] [MainThread]: Running with dbt=1.1.5
16:48:12.932517 [debug] [MainThread]: running dbt with arguments {'write_json': True, 'use_colors': True, 'printer_width': 80, 'version_check': True, 'partial_parse': True, 'static_parser': True, 'profiles_dir': '/Users/talcohen/.dbt', 'send_anonymous_usage_stats': True, 'event_buffer_size': 100000, 'quiet': False, 'no_print': False, 'cache_selected_only': False, 'config_dir': False, 'which': 'debug', 'indirect_selection': 'eager'}
16:48:12.932610 [debug] [MainThread]: Tracking: tracking
16:48:12.947089 [debug] [MainThread]: Sending event: {'category': 'dbt', 'action': 'invocation', 'label': 'start', 'context': [<snowplow_tracker.self_describing_json.SelfDescribingJson object at 0x111e59100>, <snowplow_tracker.self_describing_json.SelfDescribingJson object at 0x111e34430>, <snowplow_tracker.self_describing_json.SelfDescribingJson object at 0x111e59640>]}
16:48:13.072982 [debug] [MainThread]: Executing "git --help"
16:48:13.089757 [debug] [MainThread]: STDOUT: "b"usage: git [--version] [--help] [-C <path>] [-c name=value]\n           [--exec-path[=<path>]] [--html-path] [--man-path] [--info-path]\n           [-p | --paginate | --no-pager] [--no-replace-objects] [--bare]\n           [--git-dir=<path>] [--work-tree=<path>] [--namespace=<name>]\n           <command> [<args>]\n\nThese are common Git commands used in various situations:\n\nstart a working area (see also: git help tutorial)\n   clone      Clone a repository into a new directory\n   init       Create an empty Git repository or reinitialize an existing one\n\nwork on the current change (see also: git help everyday)\n   add        Add file contents to the index\n   mv         Move or rename a file, a directory, or a symlink\n   reset      Reset current HEAD to the specified state\n   rm         Remove files from the working tree and from the index\n\nexamine the history and state (see also: git help revisions)\n   bisect     Use binary search to find the commit that introduced a bug\n   grep       Print lines matching a pattern\n   log        Show commit logs\n   show       Show various types of objects\n   status     Show the working tree status\n\ngrow, mark and tweak your common history\n   branch     List, create, or delete branches\n   checkout   Switch branches or restore working tree files\n   commit     Record changes to the repository\n   diff       Show changes between commits, commit and working tree, etc\n   merge      Join two or more development histories together\n   rebase     Reapply commits on top of another base tip\n   tag        Create, list, delete or verify a tag object signed with GPG\n\ncollaborate (see also: git help workflows)\n   fetch      Download objects and refs from another repository\n   pull       Fetch from and integrate with another repository or a local branch\n   push       Update remote refs along with associated objects\n\n'git help -a' and 'git help -g' list available subcommands and some\nconcept guides. See 'git help <command>' or 'git help <concept>'\nto read about a specific subcommand or concept.\n""
16:48:13.090191 [debug] [MainThread]: STDERR: "b''"
16:48:13.108717 [debug] [MainThread]: Acquiring new mysql connection "debug"
16:48:13.109459 [debug] [MainThread]: Using mysql connection "debug"
16:48:13.109552 [debug] [MainThread]: On debug: select 1 as id
16:48:13.109629 [debug] [MainThread]: Opening a new connection, currently in state init
16:48:14.783924 [debug] [MainThread]: SQL status: SUCCESS 1 in 1.67 seconds
16:48:14.785924 [debug] [MainThread]: On debug: Close
16:48:14.786911 [debug] [MainThread]: Sending event: {'category': 'dbt', 'action': 'invocation', 'label': 'end', 'context': [<snowplow_tracker.self_describing_json.SelfDescribingJson object at 0x112193a00>, <snowplow_tracker.self_describing_json.SelfDescribingJson object at 0x112190580>, <snowplow_tracker.self_describing_json.SelfDescribingJson object at 0x1121905e0>]}
16:48:15.439050 [debug] [MainThread]: Connection 'debug' was properly closed.


============================== 2023-06-08 17:20:29.593497 | 7775207c-8126-45de-a868-291257ada38d ==============================
17:20:29.593502 [info ] [MainThread]: Running with dbt=1.1.5
17:20:29.593798 [debug] [MainThread]: running dbt with arguments {'write_json': True, 'use_colors': True, 'printer_width': 80, 'version_check': True, 'partial_parse': True, 'static_parser': True, 'profiles_dir': '/Users/talcohen/.dbt', 'send_anonymous_usage_stats': True, 'event_buffer_size': 100000, 'quiet': False, 'no_print': False, 'cache_selected_only': False, 'config_dir': False, 'which': 'debug', 'indirect_selection': 'eager'}
17:20:29.593868 [debug] [MainThread]: Tracking: tracking
17:20:29.605132 [debug] [MainThread]: Sending event: {'category': 'dbt', 'action': 'invocation', 'label': 'start', 'context': [<snowplow_tracker.self_describing_json.SelfDescribingJson object at 0x1078591c0>, <snowplow_tracker.self_describing_json.SelfDescribingJson object at 0x107859700>, <snowplow_tracker.self_describing_json.SelfDescribingJson object at 0x107834670>]}
17:20:29.646115 [debug] [MainThread]: Executing "git --help"
17:20:29.660739 [debug] [MainThread]: STDOUT: "b"usage: git [--version] [--help] [-C <path>] [-c name=value]\n           [--exec-path[=<path>]] [--html-path] [--man-path] [--info-path]\n           [-p | --paginate | --no-pager] [--no-replace-objects] [--bare]\n           [--git-dir=<path>] [--work-tree=<path>] [--namespace=<name>]\n           <command> [<args>]\n\nThese are common Git commands used in various situations:\n\nstart a working area (see also: git help tutorial)\n   clone      Clone a repository into a new directory\n   init       Create an empty Git repository or reinitialize an existing one\n\nwork on the current change (see also: git help everyday)\n   add        Add file contents to the index\n   mv         Move or rename a file, a directory, or a symlink\n   reset      Reset current HEAD to the specified state\n   rm         Remove files from the working tree and from the index\n\nexamine the history and state (see also: git help revisions)\n   bisect     Use binary search to find the commit that introduced a bug\n   grep       Print lines matching a pattern\n   log        Show commit logs\n   show       Show various types of objects\n   status     Show the working tree status\n\ngrow, mark and tweak your common history\n   branch     List, create, or delete branches\n   checkout   Switch branches or restore working tree files\n   commit     Record changes to the repository\n   diff       Show changes between commits, commit and working tree, etc\n   merge      Join two or more development histories together\n   rebase     Reapply commits on top of another base tip\n   tag        Create, list, delete or verify a tag object signed with GPG\n\ncollaborate (see also: git help workflows)\n   fetch      Download objects and refs from another repository\n   pull       Fetch from and integrate with another repository or a local branch\n   push       Update remote refs along with associated objects\n\n'git help -a' and 'git help -g' list available subcommands and some\nconcept guides. See 'git help <command>' or 'git help <concept>'\nto read about a specific subcommand or concept.\n""
17:20:29.661076 [debug] [MainThread]: STDERR: "b''"
17:20:29.664954 [debug] [MainThread]: Acquiring new mysql connection "debug"
17:20:29.665541 [debug] [MainThread]: Using mysql connection "debug"
17:20:29.665622 [debug] [MainThread]: On debug: select 1 as id
17:20:29.665695 [debug] [MainThread]: Opening a new connection, currently in state init
17:20:31.164705 [debug] [MainThread]: SQL status: SUCCESS 1 in 1.5 seconds
17:20:31.168131 [debug] [MainThread]: On debug: Close
17:20:31.169312 [debug] [MainThread]: Sending event: {'category': 'dbt', 'action': 'invocation', 'label': 'end', 'context': [<snowplow_tracker.self_describing_json.SelfDescribingJson object at 0x107aa8e50>, <snowplow_tracker.self_describing_json.SelfDescribingJson object at 0x107aa8b20>, <snowplow_tracker.self_describing_json.SelfDescribingJson object at 0x107aa89d0>]}
17:20:31.959996 [debug] [MainThread]: Connection 'debug' was properly closed.


============================== 2023-07-28 20:36:41.061355 | c5dd9b6e-3225-4378-9122-804927868e7e ==============================
20:36:41.061360 [info ] [MainThread]: Running with dbt=1.1.5
20:36:41.061705 [debug] [MainThread]: running dbt with arguments {'write_json': True, 'use_colors': True, 'printer_width': 80, 'version_check': True, 'partial_parse': True, 'static_parser': True, 'profiles_dir': '/Users/talcohen/.dbt', 'send_anonymous_usage_stats': True, 'event_buffer_size': 100000, 'quiet': False, 'no_print': False, 'cache_selected_only': False, 'config_dir': False, 'which': 'debug', 'indirect_selection': 'eager'}
20:36:41.061776 [debug] [MainThread]: Tracking: tracking
20:36:41.072968 [debug] [MainThread]: Sending event: {'category': 'dbt', 'action': 'invocation', 'label': 'start', 'context': [<snowplow_tracker.self_describing_json.SelfDescribingJson object at 0x1065eeb50>, <snowplow_tracker.self_describing_json.SelfDescribingJson object at 0x102f9e2e0>, <snowplow_tracker.self_describing_json.SelfDescribingJson object at 0x1065ee1c0>]}
20:36:42.297187 [debug] [MainThread]: Executing "git --help"
20:36:42.310682 [debug] [MainThread]: STDOUT: "b"usage: git [--version] [--help] [-C <path>] [-c name=value]\n           [--exec-path[=<path>]] [--html-path] [--man-path] [--info-path]\n           [-p | --paginate | --no-pager] [--no-replace-objects] [--bare]\n           [--git-dir=<path>] [--work-tree=<path>] [--namespace=<name>]\n           <command> [<args>]\n\nThese are common Git commands used in various situations:\n\nstart a working area (see also: git help tutorial)\n   clone      Clone a repository into a new directory\n   init       Create an empty Git repository or reinitialize an existing one\n\nwork on the current change (see also: git help everyday)\n   add        Add file contents to the index\n   mv         Move or rename a file, a directory, or a symlink\n   reset      Reset current HEAD to the specified state\n   rm         Remove files from the working tree and from the index\n\nexamine the history and state (see also: git help revisions)\n   bisect     Use binary search to find the commit that introduced a bug\n   grep       Print lines matching a pattern\n   log        Show commit logs\n   show       Show various types of objects\n   status     Show the working tree status\n\ngrow, mark and tweak your common history\n   branch     List, create, or delete branches\n   checkout   Switch branches or restore working tree files\n   commit     Record changes to the repository\n   diff       Show changes between commits, commit and working tree, etc\n   merge      Join two or more development histories together\n   rebase     Reapply commits on top of another base tip\n   tag        Create, list, delete or verify a tag object signed with GPG\n\ncollaborate (see also: git help workflows)\n   fetch      Download objects and refs from another repository\n   pull       Fetch from and integrate with another repository or a local branch\n   push       Update remote refs along with associated objects\n\n'git help -a' and 'git help -g' list available subcommands and some\nconcept guides. See 'git help <command>' or 'git help <concept>'\nto read about a specific subcommand or concept.\n""
20:36:42.311465 [debug] [MainThread]: STDERR: "b''"
20:36:42.328279 [debug] [MainThread]: Acquiring new mysql connection "debug"
20:36:42.328828 [debug] [MainThread]: Using mysql connection "debug"
20:36:42.328913 [debug] [MainThread]: On debug: select 1 as id
20:36:42.328984 [debug] [MainThread]: Opening a new connection, currently in state init
20:36:42.384366 [debug] [MainThread]: SQL status: SUCCESS 1 in 0.06 seconds
20:36:42.385458 [debug] [MainThread]: On debug: Close
20:36:42.385739 [debug] [MainThread]: Sending event: {'category': 'dbt', 'action': 'invocation', 'label': 'end', 'context': [<snowplow_tracker.self_describing_json.SelfDescribingJson object at 0x106e2c850>, <snowplow_tracker.self_describing_json.SelfDescribingJson object at 0x106e2c490>, <snowplow_tracker.self_describing_json.SelfDescribingJson object at 0x106e2c550>]}
20:36:43.163250 [debug] [MainThread]: Connection 'debug' was properly closed.


============================== 2023-07-29 16:11:22.854177 | 0774bd39-8d31-4f05-8b1e-a6a262f7d363 ==============================
16:11:22.854182 [info ] [MainThread]: Running with dbt=1.1.5
16:11:22.855107 [debug] [MainThread]: running dbt with arguments {'write_json': True, 'use_colors': True, 'printer_width': 80, 'version_check': True, 'partial_parse': True, 'static_parser': True, 'profiles_dir': '/Users/talcohen/.dbt', 'send_anonymous_usage_stats': True, 'event_buffer_size': 100000, 'quiet': False, 'no_print': False, 'cache_selected_only': False, 'config_dir': False, 'which': 'debug', 'indirect_selection': 'eager'}
16:11:22.855175 [debug] [MainThread]: Tracking: tracking
16:11:22.863682 [debug] [MainThread]: Sending event: {'category': 'dbt', 'action': 'invocation', 'label': 'start', 'context': [<snowplow_tracker.self_describing_json.SelfDescribingJson object at 0x105f8f2e0>, <snowplow_tracker.self_describing_json.SelfDescribingJson object at 0x105f8fc10>, <snowplow_tracker.self_describing_json.SelfDescribingJson object at 0x105f6c820>]}
16:11:22.904575 [debug] [MainThread]: Executing "git --help"
16:11:22.916531 [debug] [MainThread]: STDOUT: "b"usage: git [--version] [--help] [-C <path>] [-c name=value]\n           [--exec-path[=<path>]] [--html-path] [--man-path] [--info-path]\n           [-p | --paginate | --no-pager] [--no-replace-objects] [--bare]\n           [--git-dir=<path>] [--work-tree=<path>] [--namespace=<name>]\n           <command> [<args>]\n\nThese are common Git commands used in various situations:\n\nstart a working area (see also: git help tutorial)\n   clone      Clone a repository into a new directory\n   init       Create an empty Git repository or reinitialize an existing one\n\nwork on the current change (see also: git help everyday)\n   add        Add file contents to the index\n   mv         Move or rename a file, a directory, or a symlink\n   reset      Reset current HEAD to the specified state\n   rm         Remove files from the working tree and from the index\n\nexamine the history and state (see also: git help revisions)\n   bisect     Use binary search to find the commit that introduced a bug\n   grep       Print lines matching a pattern\n   log        Show commit logs\n   show       Show various types of objects\n   status     Show the working tree status\n\ngrow, mark and tweak your common history\n   branch     List, create, or delete branches\n   checkout   Switch branches or restore working tree files\n   commit     Record changes to the repository\n   diff       Show changes between commits, commit and working tree, etc\n   merge      Join two or more development histories together\n   rebase     Reapply commits on top of another base tip\n   tag        Create, list, delete or verify a tag object signed with GPG\n\ncollaborate (see also: git help workflows)\n   fetch      Download objects and refs from another repository\n   pull       Fetch from and integrate with another repository or a local branch\n   push       Update remote refs along with associated objects\n\n'git help -a' and 'git help -g' list available subcommands and some\nconcept guides. See 'git help <command>' or 'git help <concept>'\nto read about a specific subcommand or concept.\n""
16:11:22.916938 [debug] [MainThread]: STDERR: "b''"
16:11:22.920619 [debug] [MainThread]: Acquiring new mysql connection "debug"
16:11:22.921154 [debug] [MainThread]: Using mysql connection "debug"
16:11:22.921265 [debug] [MainThread]: On debug: select 1 as id
16:11:22.921367 [debug] [MainThread]: Opening a new connection, currently in state init
16:11:22.933384 [debug] [MainThread]: SQL status: SUCCESS 1 in 0.01 seconds
16:11:22.934322 [debug] [MainThread]: On debug: Close
16:11:22.934607 [debug] [MainThread]: Sending event: {'category': 'dbt', 'action': 'invocation', 'label': 'end', 'context': [<snowplow_tracker.self_describing_json.SelfDescribingJson object at 0x10646a340>, <snowplow_tracker.self_describing_json.SelfDescribingJson object at 0x10647eb50>, <snowplow_tracker.self_describing_json.SelfDescribingJson object at 0x10647e220>]}
16:11:23.588182 [debug] [MainThread]: Connection 'debug' was properly closed.


============================== 2023-07-29 16:11:43.234527 | 24e4af94-c34d-4538-95c8-42f6b8f69513 ==============================
16:11:43.234531 [info ] [MainThread]: Running with dbt=1.1.5
16:11:43.234854 [debug] [MainThread]: running dbt with arguments {'write_json': True, 'use_colors': True, 'printer_width': 80, 'version_check': True, 'partial_parse': True, 'static_parser': True, 'profiles_dir': '/Users/talcohen/.dbt', 'send_anonymous_usage_stats': True, 'event_buffer_size': 100000, 'quiet': False, 'no_print': False, 'cache_selected_only': False, 'config_dir': False, 'which': 'debug', 'indirect_selection': 'eager'}
16:11:43.234922 [debug] [MainThread]: Tracking: tracking
16:11:43.245943 [debug] [MainThread]: Sending event: {'category': 'dbt', 'action': 'invocation', 'label': 'start', 'context': [<snowplow_tracker.self_describing_json.SelfDescribingJson object at 0x103ace2b0>, <snowplow_tracker.self_describing_json.SelfDescribingJson object at 0x103acebe0>, <snowplow_tracker.self_describing_json.SelfDescribingJson object at 0x103aac910>]}
16:11:43.304045 [debug] [MainThread]: Executing "git --help"
16:11:43.320648 [debug] [MainThread]: STDOUT: "b"usage: git [--version] [--help] [-C <path>] [-c name=value]\n           [--exec-path[=<path>]] [--html-path] [--man-path] [--info-path]\n           [-p | --paginate | --no-pager] [--no-replace-objects] [--bare]\n           [--git-dir=<path>] [--work-tree=<path>] [--namespace=<name>]\n           <command> [<args>]\n\nThese are common Git commands used in various situations:\n\nstart a working area (see also: git help tutorial)\n   clone      Clone a repository into a new directory\n   init       Create an empty Git repository or reinitialize an existing one\n\nwork on the current change (see also: git help everyday)\n   add        Add file contents to the index\n   mv         Move or rename a file, a directory, or a symlink\n   reset      Reset current HEAD to the specified state\n   rm         Remove files from the working tree and from the index\n\nexamine the history and state (see also: git help revisions)\n   bisect     Use binary search to find the commit that introduced a bug\n   grep       Print lines matching a pattern\n   log        Show commit logs\n   show       Show various types of objects\n   status     Show the working tree status\n\ngrow, mark and tweak your common history\n   branch     List, create, or delete branches\n   checkout   Switch branches or restore working tree files\n   commit     Record changes to the repository\n   diff       Show changes between commits, commit and working tree, etc\n   merge      Join two or more development histories together\n   rebase     Reapply commits on top of another base tip\n   tag        Create, list, delete or verify a tag object signed with GPG\n\ncollaborate (see also: git help workflows)\n   fetch      Download objects and refs from another repository\n   pull       Fetch from and integrate with another repository or a local branch\n   push       Update remote refs along with associated objects\n\n'git help -a' and 'git help -g' list available subcommands and some\nconcept guides. See 'git help <command>' or 'git help <concept>'\nto read about a specific subcommand or concept.\n""
16:11:43.321023 [debug] [MainThread]: STDERR: "b''"
16:11:43.324691 [debug] [MainThread]: Acquiring new mysql connection "debug"
16:11:43.325215 [debug] [MainThread]: Using mysql connection "debug"
16:11:43.325330 [debug] [MainThread]: On debug: select 1 as id
16:11:43.325423 [debug] [MainThread]: Opening a new connection, currently in state init
16:11:43.347331 [debug] [MainThread]: SQL status: SUCCESS 1 in 0.02 seconds
16:11:43.348378 [debug] [MainThread]: On debug: Close
16:11:43.349084 [debug] [MainThread]: Sending event: {'category': 'dbt', 'action': 'invocation', 'label': 'end', 'context': [<snowplow_tracker.self_describing_json.SelfDescribingJson object at 0x10420e220>, <snowplow_tracker.self_describing_json.SelfDescribingJson object at 0x10420e940>, <snowplow_tracker.self_describing_json.SelfDescribingJson object at 0x10420e430>]}
16:11:43.986179 [debug] [MainThread]: Connection 'debug' was properly closed.


============================== 2023-07-29 16:11:58.786708 | 356c80a1-8acc-42dc-bea5-73a2acf51b16 ==============================
16:11:58.786713 [info ] [MainThread]: Running with dbt=1.1.5
16:11:58.787015 [debug] [MainThread]: running dbt with arguments {'write_json': True, 'use_colors': True, 'printer_width': 80, 'version_check': True, 'partial_parse': True, 'static_parser': True, 'profiles_dir': '/Users/talcohen/.dbt', 'send_anonymous_usage_stats': True, 'event_buffer_size': 100000, 'quiet': False, 'no_print': False, 'cache_selected_only': False, 'config_dir': False, 'which': 'debug', 'indirect_selection': 'eager'}
16:11:58.787092 [debug] [MainThread]: Tracking: tracking
16:11:58.798580 [debug] [MainThread]: Sending event: {'category': 'dbt', 'action': 'invocation', 'label': 'start', 'context': [<snowplow_tracker.self_describing_json.SelfDescribingJson object at 0x1083ce2b0>, <snowplow_tracker.self_describing_json.SelfDescribingJson object at 0x1083cec10>, <snowplow_tracker.self_describing_json.SelfDescribingJson object at 0x1083ac700>]}
16:11:58.852407 [debug] [MainThread]: Executing "git --help"
16:11:58.869369 [debug] [MainThread]: STDOUT: "b"usage: git [--version] [--help] [-C <path>] [-c name=value]\n           [--exec-path[=<path>]] [--html-path] [--man-path] [--info-path]\n           [-p | --paginate | --no-pager] [--no-replace-objects] [--bare]\n           [--git-dir=<path>] [--work-tree=<path>] [--namespace=<name>]\n           <command> [<args>]\n\nThese are common Git commands used in various situations:\n\nstart a working area (see also: git help tutorial)\n   clone      Clone a repository into a new directory\n   init       Create an empty Git repository or reinitialize an existing one\n\nwork on the current change (see also: git help everyday)\n   add        Add file contents to the index\n   mv         Move or rename a file, a directory, or a symlink\n   reset      Reset current HEAD to the specified state\n   rm         Remove files from the working tree and from the index\n\nexamine the history and state (see also: git help revisions)\n   bisect     Use binary search to find the commit that introduced a bug\n   grep       Print lines matching a pattern\n   log        Show commit logs\n   show       Show various types of objects\n   status     Show the working tree status\n\ngrow, mark and tweak your common history\n   branch     List, create, or delete branches\n   checkout   Switch branches or restore working tree files\n   commit     Record changes to the repository\n   diff       Show changes between commits, commit and working tree, etc\n   merge      Join two or more development histories together\n   rebase     Reapply commits on top of another base tip\n   tag        Create, list, delete or verify a tag object signed with GPG\n\ncollaborate (see also: git help workflows)\n   fetch      Download objects and refs from another repository\n   pull       Fetch from and integrate with another repository or a local branch\n   push       Update remote refs along with associated objects\n\n'git help -a' and 'git help -g' list available subcommands and some\nconcept guides. See 'git help <command>' or 'git help <concept>'\nto read about a specific subcommand or concept.\n""
16:11:58.869690 [debug] [MainThread]: STDERR: "b''"
16:11:58.872846 [debug] [MainThread]: Acquiring new mysql connection "debug"
16:11:58.873325 [debug] [MainThread]: Using mysql connection "debug"
16:11:58.873415 [debug] [MainThread]: On debug: select 1 as id
16:11:58.873487 [debug] [MainThread]: Opening a new connection, currently in state init
16:11:58.892892 [debug] [MainThread]: SQL status: SUCCESS 1 in 0.02 seconds
16:11:58.893726 [debug] [MainThread]: On debug: Close
16:11:58.893972 [debug] [MainThread]: Sending event: {'category': 'dbt', 'action': 'invocation', 'label': 'end', 'context': [<snowplow_tracker.self_describing_json.SelfDescribingJson object at 0x1087781f0>, <snowplow_tracker.self_describing_json.SelfDescribingJson object at 0x1087788e0>, <snowplow_tracker.self_describing_json.SelfDescribingJson object at 0x1087783d0>]}
16:11:59.532886 [debug] [MainThread]: Connection 'debug' was properly closed.


============================== 2023-07-29 16:12:07.216313 | ebf0e811-5770-4126-bd49-88de3cb13928 ==============================
16:12:07.216318 [info ] [MainThread]: Running with dbt=1.1.5
16:12:07.216490 [debug] [MainThread]: running dbt with arguments {'write_json': True, 'use_colors': True, 'printer_width': 80, 'version_check': True, 'partial_parse': True, 'static_parser': True, 'profiles_dir': '/Users/talcohen/.dbt', 'send_anonymous_usage_stats': True, 'event_buffer_size': 100000, 'quiet': False, 'no_print': False, 'cache_selected_only': False, 'config_dir': False, 'which': 'debug', 'indirect_selection': 'eager'}
16:12:07.216559 [debug] [MainThread]: Tracking: tracking
16:12:07.226555 [debug] [MainThread]: Sending event: {'category': 'dbt', 'action': 'invocation', 'label': 'start', 'context': [<snowplow_tracker.self_describing_json.SelfDescribingJson object at 0x10842e1c0>, <snowplow_tracker.self_describing_json.SelfDescribingJson object at 0x10842e700>, <snowplow_tracker.self_describing_json.SelfDescribingJson object at 0x1082ec670>]}
16:12:07.273335 [debug] [MainThread]: Executing "git --help"
16:12:07.282545 [debug] [MainThread]: STDOUT: "b"usage: git [--version] [--help] [-C <path>] [-c name=value]\n           [--exec-path[=<path>]] [--html-path] [--man-path] [--info-path]\n           [-p | --paginate | --no-pager] [--no-replace-objects] [--bare]\n           [--git-dir=<path>] [--work-tree=<path>] [--namespace=<name>]\n           <command> [<args>]\n\nThese are common Git commands used in various situations:\n\nstart a working area (see also: git help tutorial)\n   clone      Clone a repository into a new directory\n   init       Create an empty Git repository or reinitialize an existing one\n\nwork on the current change (see also: git help everyday)\n   add        Add file contents to the index\n   mv         Move or rename a file, a directory, or a symlink\n   reset      Reset current HEAD to the specified state\n   rm         Remove files from the working tree and from the index\n\nexamine the history and state (see also: git help revisions)\n   bisect     Use binary search to find the commit that introduced a bug\n   grep       Print lines matching a pattern\n   log        Show commit logs\n   show       Show various types of objects\n   status     Show the working tree status\n\ngrow, mark and tweak your common history\n   branch     List, create, or delete branches\n   checkout   Switch branches or restore working tree files\n   commit     Record changes to the repository\n   diff       Show changes between commits, commit and working tree, etc\n   merge      Join two or more development histories together\n   rebase     Reapply commits on top of another base tip\n   tag        Create, list, delete or verify a tag object signed with GPG\n\ncollaborate (see also: git help workflows)\n   fetch      Download objects and refs from another repository\n   pull       Fetch from and integrate with another repository or a local branch\n   push       Update remote refs along with associated objects\n\n'git help -a' and 'git help -g' list available subcommands and some\nconcept guides. See 'git help <command>' or 'git help <concept>'\nto read about a specific subcommand or concept.\n""
16:12:07.282891 [debug] [MainThread]: STDERR: "b''"
16:12:07.285332 [debug] [MainThread]: Acquiring new mysql connection "debug"
16:12:07.285775 [debug] [MainThread]: Using mysql connection "debug"
16:12:07.285871 [debug] [MainThread]: On debug: select 1 as id
16:12:07.285967 [debug] [MainThread]: Opening a new connection, currently in state init
16:12:07.295134 [debug] [MainThread]: SQL status: SUCCESS 1 in 0.01 seconds
16:12:07.295954 [debug] [MainThread]: On debug: Close
16:12:07.296225 [debug] [MainThread]: Sending event: {'category': 'dbt', 'action': 'invocation', 'label': 'end', 'context': [<snowplow_tracker.self_describing_json.SelfDescribingJson object at 0x1090ea340>, <snowplow_tracker.self_describing_json.SelfDescribingJson object at 0x1090fe9d0>, <snowplow_tracker.self_describing_json.SelfDescribingJson object at 0x1090fe970>]}
16:12:07.936704 [debug] [MainThread]: Connection 'debug' was properly closed.


============================== 2023-07-29 16:13:44.745265 | 1e5b0af4-831d-47d3-95fb-d3f959eeda16 ==============================
16:13:44.745270 [info ] [MainThread]: Running with dbt=1.1.5
16:13:44.745594 [debug] [MainThread]: running dbt with arguments {'write_json': True, 'use_colors': True, 'printer_width': 80, 'version_check': True, 'partial_parse': True, 'static_parser': True, 'profiles_dir': '/Users/talcohen/.dbt', 'send_anonymous_usage_stats': True, 'event_buffer_size': 100000, 'quiet': False, 'no_print': False, 'cache_selected_only': False, 'config_dir': False, 'which': 'debug', 'indirect_selection': 'eager'}
16:13:44.745671 [debug] [MainThread]: Tracking: tracking
16:13:44.754414 [debug] [MainThread]: Sending event: {'category': 'dbt', 'action': 'invocation', 'label': 'start', 'context': [<snowplow_tracker.self_describing_json.SelfDescribingJson object at 0x1059ae1c0>, <snowplow_tracker.self_describing_json.SelfDescribingJson object at 0x1059ae700>, <snowplow_tracker.self_describing_json.SelfDescribingJson object at 0x105978670>]}
16:13:44.810593 [debug] [MainThread]: Executing "git --help"
16:13:44.820909 [debug] [MainThread]: STDOUT: "b"usage: git [--version] [--help] [-C <path>] [-c name=value]\n           [--exec-path[=<path>]] [--html-path] [--man-path] [--info-path]\n           [-p | --paginate | --no-pager] [--no-replace-objects] [--bare]\n           [--git-dir=<path>] [--work-tree=<path>] [--namespace=<name>]\n           <command> [<args>]\n\nThese are common Git commands used in various situations:\n\nstart a working area (see also: git help tutorial)\n   clone      Clone a repository into a new directory\n   init       Create an empty Git repository or reinitialize an existing one\n\nwork on the current change (see also: git help everyday)\n   add        Add file contents to the index\n   mv         Move or rename a file, a directory, or a symlink\n   reset      Reset current HEAD to the specified state\n   rm         Remove files from the working tree and from the index\n\nexamine the history and state (see also: git help revisions)\n   bisect     Use binary search to find the commit that introduced a bug\n   grep       Print lines matching a pattern\n   log        Show commit logs\n   show       Show various types of objects\n   status     Show the working tree status\n\ngrow, mark and tweak your common history\n   branch     List, create, or delete branches\n   checkout   Switch branches or restore working tree files\n   commit     Record changes to the repository\n   diff       Show changes between commits, commit and working tree, etc\n   merge      Join two or more development histories together\n   rebase     Reapply commits on top of another base tip\n   tag        Create, list, delete or verify a tag object signed with GPG\n\ncollaborate (see also: git help workflows)\n   fetch      Download objects and refs from another repository\n   pull       Fetch from and integrate with another repository or a local branch\n   push       Update remote refs along with associated objects\n\n'git help -a' and 'git help -g' list available subcommands and some\nconcept guides. See 'git help <command>' or 'git help <concept>'\nto read about a specific subcommand or concept.\n""
16:13:44.821290 [debug] [MainThread]: STDERR: "b''"
16:13:44.824757 [debug] [MainThread]: Acquiring new mysql connection "debug"
16:13:44.825283 [debug] [MainThread]: Using mysql connection "debug"
16:13:44.825386 [debug] [MainThread]: On debug: select 1 as id
16:13:44.825470 [debug] [MainThread]: Opening a new connection, currently in state init
16:13:44.842176 [debug] [MainThread]: SQL status: SUCCESS 1 in 0.02 seconds
16:13:44.843071 [debug] [MainThread]: On debug: Close
16:13:44.843347 [debug] [MainThread]: Sending event: {'category': 'dbt', 'action': 'invocation', 'label': 'end', 'context': [<snowplow_tracker.self_describing_json.SelfDescribingJson object at 0x105d7e340>, <snowplow_tracker.self_describing_json.SelfDescribingJson object at 0x105d929d0>, <snowplow_tracker.self_describing_json.SelfDescribingJson object at 0x105d92970>]}
16:13:45.679213 [debug] [MainThread]: Connection 'debug' was properly closed.


============================== 2023-07-29 16:14:11.870807 | 14655dcf-8a75-48f1-8c99-edd44f03a314 ==============================
16:14:11.870811 [info ] [MainThread]: Running with dbt=1.1.5
16:14:11.870980 [debug] [MainThread]: running dbt with arguments {'write_json': True, 'use_colors': True, 'printer_width': 80, 'version_check': True, 'partial_parse': True, 'static_parser': True, 'profiles_dir': '/Users/talcohen/.dbt', 'send_anonymous_usage_stats': True, 'event_buffer_size': 100000, 'quiet': False, 'no_print': False, 'cache_selected_only': False, 'config_dir': False, 'which': 'debug', 'indirect_selection': 'eager'}
16:14:11.871049 [debug] [MainThread]: Tracking: tracking
16:14:11.879307 [debug] [MainThread]: Sending event: {'category': 'dbt', 'action': 'invocation', 'label': 'start', 'context': [<snowplow_tracker.self_describing_json.SelfDescribingJson object at 0x10425b2e0>, <snowplow_tracker.self_describing_json.SelfDescribingJson object at 0x10425bc10>, <snowplow_tracker.self_describing_json.SelfDescribingJson object at 0x104238820>]}
16:14:11.923888 [debug] [MainThread]: Executing "git --help"
16:14:11.932594 [debug] [MainThread]: STDOUT: "b"usage: git [--version] [--help] [-C <path>] [-c name=value]\n           [--exec-path[=<path>]] [--html-path] [--man-path] [--info-path]\n           [-p | --paginate | --no-pager] [--no-replace-objects] [--bare]\n           [--git-dir=<path>] [--work-tree=<path>] [--namespace=<name>]\n           <command> [<args>]\n\nThese are common Git commands used in various situations:\n\nstart a working area (see also: git help tutorial)\n   clone      Clone a repository into a new directory\n   init       Create an empty Git repository or reinitialize an existing one\n\nwork on the current change (see also: git help everyday)\n   add        Add file contents to the index\n   mv         Move or rename a file, a directory, or a symlink\n   reset      Reset current HEAD to the specified state\n   rm         Remove files from the working tree and from the index\n\nexamine the history and state (see also: git help revisions)\n   bisect     Use binary search to find the commit that introduced a bug\n   grep       Print lines matching a pattern\n   log        Show commit logs\n   show       Show various types of objects\n   status     Show the working tree status\n\ngrow, mark and tweak your common history\n   branch     List, create, or delete branches\n   checkout   Switch branches or restore working tree files\n   commit     Record changes to the repository\n   diff       Show changes between commits, commit and working tree, etc\n   merge      Join two or more development histories together\n   rebase     Reapply commits on top of another base tip\n   tag        Create, list, delete or verify a tag object signed with GPG\n\ncollaborate (see also: git help workflows)\n   fetch      Download objects and refs from another repository\n   pull       Fetch from and integrate with another repository or a local branch\n   push       Update remote refs along with associated objects\n\n'git help -a' and 'git help -g' list available subcommands and some\nconcept guides. See 'git help <command>' or 'git help <concept>'\nto read about a specific subcommand or concept.\n""
16:14:11.932987 [debug] [MainThread]: STDERR: "b''"
16:14:11.935528 [debug] [MainThread]: Acquiring new mysql connection "debug"
16:14:11.936010 [debug] [MainThread]: Using mysql connection "debug"
16:14:11.936093 [debug] [MainThread]: On debug: select 1 as id
16:14:11.936177 [debug] [MainThread]: Opening a new connection, currently in state init
16:14:11.946365 [debug] [MainThread]: SQL status: SUCCESS 1 in 0.01 seconds
16:14:11.947242 [debug] [MainThread]: On debug: Close
16:14:11.947541 [debug] [MainThread]: Sending event: {'category': 'dbt', 'action': 'invocation', 'label': 'end', 'context': [<snowplow_tracker.self_describing_json.SelfDescribingJson object at 0x105256340>, <snowplow_tracker.self_describing_json.SelfDescribingJson object at 0x10526ab50>, <snowplow_tracker.self_describing_json.SelfDescribingJson object at 0x10526a220>]}
16:14:12.582919 [debug] [MainThread]: Connection 'debug' was properly closed.


============================== 2023-07-29 16:14:59.288249 | bb85bab7-c07c-49ca-b3f5-6d2055eeed85 ==============================
16:14:59.288254 [info ] [MainThread]: Running with dbt=1.1.5
16:14:59.288426 [debug] [MainThread]: running dbt with arguments {'write_json': True, 'use_colors': True, 'printer_width': 80, 'version_check': True, 'partial_parse': True, 'static_parser': True, 'profiles_dir': '/Users/talcohen/.dbt', 'send_anonymous_usage_stats': True, 'event_buffer_size': 100000, 'quiet': False, 'no_print': False, 'cache_selected_only': False, 'config_dir': False, 'which': 'debug', 'indirect_selection': 'eager'}
16:14:59.288493 [debug] [MainThread]: Tracking: tracking
16:14:59.296877 [debug] [MainThread]: Sending event: {'category': 'dbt', 'action': 'invocation', 'label': 'start', 'context': [<snowplow_tracker.self_describing_json.SelfDescribingJson object at 0x1055c21c0>, <snowplow_tracker.self_describing_json.SelfDescribingJson object at 0x1055c2700>, <snowplow_tracker.self_describing_json.SelfDescribingJson object at 0x10558c670>]}
16:14:59.338321 [debug] [MainThread]: Executing "git --help"
16:14:59.347830 [debug] [MainThread]: STDOUT: "b"usage: git [--version] [--help] [-C <path>] [-c name=value]\n           [--exec-path[=<path>]] [--html-path] [--man-path] [--info-path]\n           [-p | --paginate | --no-pager] [--no-replace-objects] [--bare]\n           [--git-dir=<path>] [--work-tree=<path>] [--namespace=<name>]\n           <command> [<args>]\n\nThese are common Git commands used in various situations:\n\nstart a working area (see also: git help tutorial)\n   clone      Clone a repository into a new directory\n   init       Create an empty Git repository or reinitialize an existing one\n\nwork on the current change (see also: git help everyday)\n   add        Add file contents to the index\n   mv         Move or rename a file, a directory, or a symlink\n   reset      Reset current HEAD to the specified state\n   rm         Remove files from the working tree and from the index\n\nexamine the history and state (see also: git help revisions)\n   bisect     Use binary search to find the commit that introduced a bug\n   grep       Print lines matching a pattern\n   log        Show commit logs\n   show       Show various types of objects\n   status     Show the working tree status\n\ngrow, mark and tweak your common history\n   branch     List, create, or delete branches\n   checkout   Switch branches or restore working tree files\n   commit     Record changes to the repository\n   diff       Show changes between commits, commit and working tree, etc\n   merge      Join two or more development histories together\n   rebase     Reapply commits on top of another base tip\n   tag        Create, list, delete or verify a tag object signed with GPG\n\ncollaborate (see also: git help workflows)\n   fetch      Download objects and refs from another repository\n   pull       Fetch from and integrate with another repository or a local branch\n   push       Update remote refs along with associated objects\n\n'git help -a' and 'git help -g' list available subcommands and some\nconcept guides. See 'git help <command>' or 'git help <concept>'\nto read about a specific subcommand or concept.\n""
16:14:59.348164 [debug] [MainThread]: STDERR: "b''"
16:14:59.350735 [debug] [MainThread]: Acquiring new mysql connection "debug"
16:14:59.351184 [debug] [MainThread]: Using mysql connection "debug"
16:14:59.351282 [debug] [MainThread]: On debug: select 1 as id
16:14:59.351347 [debug] [MainThread]: Opening a new connection, currently in state init
16:14:59.362259 [debug] [MainThread]: SQL status: SUCCESS 1 in 0.01 seconds
16:14:59.363447 [debug] [MainThread]: On debug: Close
16:14:59.363764 [debug] [MainThread]: Sending event: {'category': 'dbt', 'action': 'invocation', 'label': 'end', 'context': [<snowplow_tracker.self_describing_json.SelfDescribingJson object at 0x105a6a0d0>, <snowplow_tracker.self_describing_json.SelfDescribingJson object at 0x105a7e9d0>, <snowplow_tracker.self_describing_json.SelfDescribingJson object at 0x105a7e970>]}
16:15:00.005304 [debug] [MainThread]: Connection 'debug' was properly closed.
